<?xml version="1.0" encoding="UTF-8"?>
<!-- Generated by org.testng.reporters.JUnitReportReporter -->
<testsuite hostname="LAPTOP-KP63N8TU" failures="0" tests="2" name="com.CrossBrowserTesting.CrossBrowserTest" time="0.136" errors="0" timestamp="2022-07-22T11:46:04 IST" skipped="0">
  <testcase classname="com.CrossBrowserTesting.CrossBrowserTest" name="clickOnAlert" time="0.075"/>
  <system-out/>
  <testcase classname="com.CrossBrowserTesting.CrossBrowserTest" name="clickOnAlert" time="0.061"/>
  <system-out/>
</testsuite> <!-- com.CrossBrowserTesting.CrossBrowserTest -->
